0 info it worked if it ends with ok
1 verbose cli [ '/home/taihd94/.nvm/versions/node/v6.9.4/bin/node',
1 verbose cli   '/home/taihd94/.nvm/versions/node/v6.9.4/bin/npm',
1 verbose cli   'start' ]
2 info using npm@3.10.10
3 info using node@v6.9.4
4 verbose run-script [ 'prestart', 'start', 'poststart' ]
5 info lifecycle nodejs-express@0.0.0~prestart: nodejs-express@0.0.0
6 silly lifecycle nodejs-express@0.0.0~prestart: no script for prestart, continuing
7 info lifecycle nodejs-express@0.0.0~start: nodejs-express@0.0.0
8 verbose lifecycle nodejs-express@0.0.0~start: unsafe-perm in lifecycle true
9 verbose lifecycle nodejs-express@0.0.0~start: PATH: /home/taihd94/.nvm/versions/node/v6.9.4/lib/node_modules/npm/bin/node-gyp-bin:/home/taihd94/PhpstormProjects/nodejs/nodejs-express/node_modules/.bin:/home/taihd94/.nvm/versions/node/v6.9.4/bin:/home/taihd94/bin:/home/taihd94/.local/bin:/home/taihd94/bin:/home/taihd94/.local/bin:/usr/local/sbin:/usr/local/bin:/usr/sbin:/usr/bin:/sbin:/bin:/usr/games:/usr/local/games:/snap/bin:/usr/lib/jvm/java-8-oracle/bin:/usr/lib/jvm/java-8-oracle/db/bin:/usr/lib/jvm/java-8-oracle/jre/bin:/snap/bin:/usr/lib/jvm/java-8-oracle/bin:/usr/lib/jvm/java-8-oracle/db/bin:/usr/lib/jvm/java-8-oracle/jre/bin
10 verbose lifecycle nodejs-express@0.0.0~start: CWD: /home/taihd94/PhpstormProjects/nodejs/nodejs-express
11 silly lifecycle nodejs-express@0.0.0~start: Args: [ '-c', 'node ./bin/www' ]
12 silly lifecycle nodejs-express@0.0.0~start: Returned: code: 1  signal: null
13 info lifecycle nodejs-express@0.0.0~start: Failed to exec start script
14 verbose stack Error: nodejs-express@0.0.0 start: `node ./bin/www`
14 verbose stack Exit status 1
14 verbose stack     at EventEmitter.<anonymous> (/home/taihd94/.nvm/versions/node/v6.9.4/lib/node_modules/npm/lib/utils/lifecycle.js:255:16)
14 verbose stack     at emitTwo (events.js:106:13)
14 verbose stack     at EventEmitter.emit (events.js:191:7)
14 verbose stack     at ChildProcess.<anonymous> (/home/taihd94/.nvm/versions/node/v6.9.4/lib/node_modules/npm/lib/utils/spawn.js:40:14)
14 verbose stack     at emitTwo (events.js:106:13)
14 verbose stack     at ChildProcess.emit (events.js:191:7)
14 verbose stack     at maybeClose (internal/child_process.js:877:16)
14 verbose stack     at Process.ChildProcess._handle.onexit (internal/child_process.js:226:5)
15 verbose pkgid nodejs-express@0.0.0
16 verbose cwd /home/taihd94/PhpstormProjects/nodejs/nodejs-express
17 error Linux 4.4.0-62-generic
18 error argv "/home/taihd94/.nvm/versions/node/v6.9.4/bin/node" "/home/taihd94/.nvm/versions/node/v6.9.4/bin/npm" "start"
19 error node v6.9.4
20 error npm  v3.10.10
21 error code ELIFECYCLE
22 error nodejs-express@0.0.0 start: `node ./bin/www`
22 error Exit status 1
23 error Failed at the nodejs-express@0.0.0 start script 'node ./bin/www'.
23 error Make sure you have the latest version of node.js and npm installed.
23 error If you do, this is most likely a problem with the nodejs-express package,
23 error not with npm itself.
23 error Tell the author that this fails on your system:
23 error     node ./bin/www
23 error You can get information on how to open an issue for this project with:
23 error     npm bugs nodejs-express
23 error Or if that isn't available, you can get their info via:
23 error     npm owner ls nodejs-express
23 error There is likely additional logging output above.
24 verbose exit [ 1, true ]
